2016-06-08T14:43:39+00:00 (DEBUG) [botLogger] Comienza la ejecución
2016-06-08T14:43:39+00:00 (DEBUG) [botLogger] Mensaje:  {"update_id":9598504,
"message":{"message_id":155,"from":{"id":4082840,"first_name":"Antonio","username":"sgtoleos"},"chat":{"id":4082840,"first_name":"Antonio","username":"sgtoleos","type":"private"},"date":1465394405,"text":"\/clasificacion","entities":[{"type":"bot_command","offset":0,"length":3}]}}

2016-06-08T14:43:39+00:00 (DEBUG) [botLogger] Request: chat_id: 4082840
chat_type: private
is_chat_private: 1
from_id: 4082840
message_type: 1
file_id: 
text: /clasificacion
command: clasificacion

2016-06-08T14:43:44+00:00 (DEBUG) [botLogger] Response: chat_id: 4082840
endpoint: https://api.telegram.org/bot13...
type: 1
text: *Clasificación de la última fase en curso:*

**.- : €

markdown: 1
file_id: 
chat_action: 

2016-06-08T14:43:44+00:00 (INFO) [botLogger] Respuesta enviada correctamente
2016-06-08T14:47:15+00:00 (DEBUG) [botLogger] Comienza la ejecución
2016-06-08T14:47:15+00:00 (DEBUG) [botLogger] Mensaje:  {"update_id":9598504,
"message":{"message_id":155,"from":{"id":4082840,"first_name":"Antonio","username":"sgtoleos"},"chat":{"id":4082840,"first_name":"Antonio","username":"sgtoleos","type":"private"},"date":1465394405,"text":"\/clasificacion","entities":[{"type":"bot_command","offset":0,"length":3}]}}

2016-06-08T14:47:15+00:00 (DEBUG) [botLogger] Request: chat_id: 4082840
chat_type: private
is_chat_private: 1
from_id: 4082840
message_type: 1
file_id: 
text: /clasificacion
command: clasificacion

2016-06-08T14:47:20+00:00 (DEBUG) [botLogger] Response: chat_id: 4082840
endpoint: https://api.telegram.org/bot13...
type: 1
text: Hay partidos secretos
markdown: 1
file_id: 
chat_action: 

2016-06-08T14:47:20+00:00 (INFO) [botLogger] Respuesta enviada correctamente
2016-06-08T14:51:08+00:00 (DEBUG) [botLogger] Comienza la ejecución
2016-06-08T14:51:08+00:00 (DEBUG) [botLogger] Mensaje:  {"update_id":9598504,
"message":{"message_id":155,"from":{"id":4082840,"first_name":"Antonio","username":"sgtoleos"},"chat":{"id":4082840,"first_name":"Antonio","username":"sgtoleos","type":"private"},"date":1465394405,"text":"\/clasificacion","entities":[{"type":"bot_command","offset":0,"length":3}]}}

2016-06-08T14:51:08+00:00 (DEBUG) [botLogger] Request: chat_id: 4082840
chat_type: private
is_chat_private: 1
from_id: 4082840
message_type: 1
file_id: 
text: /clasificacion
command: clasificacion

2016-06-08T14:51:13+00:00 (DEBUG) [botLogger] Response: chat_id: 4082840
endpoint: https://api.telegram.org/bot13...
type: 1
text: *Clasificación de la última fase en curso:*

**.- Zato: €
**.- Matute: €
**.- Nano: €
**.- Age: €
**.- Tapia: €
**.- Rulo: €
**.- Lucho: €
**.- Borja: €

markdown: 1
file_id: 
chat_action: 

2016-06-08T14:51:13+00:00 (INFO) [botLogger] Respuesta enviada correctamente
2016-06-08T14:52:07+00:00 (DEBUG) [botLogger] Comienza la ejecución
2016-06-08T14:52:07+00:00 (DEBUG) [botLogger] Mensaje:  {"update_id":9598504,
"message":{"message_id":155,"from":{"id":4082840,"first_name":"Antonio","username":"sgtoleos"},"chat":{"id":4082840,"first_name":"Antonio","username":"sgtoleos","type":"private"},"date":1465394405,"text":"\/clasificacion","entities":[{"type":"bot_command","offset":0,"length":3}]}}

2016-06-08T14:52:07+00:00 (DEBUG) [botLogger] Request: chat_id: 4082840
chat_type: private
is_chat_private: 1
from_id: 4082840
message_type: 1
file_id: 
text: /clasificacion
command: clasificacion

2016-06-08T14:52:12+00:00 (DEBUG) [botLogger] Response: chat_id: 4082840
endpoint: https://api.telegram.org/bot13...
type: 1
text: *Clasificación de la última fase en curso:*

*1*.- Zato: 4.4€ ⬇
*2*.- Matute: 3.605€ ⬇
*3*.- Nano: 3€ ⬇
*4*.- Age: 1.425€ ⬇
*5*.- Tapia: 0.8500000000000001€ ⬇
*6*.- Rulo: -0.53€ ⬇
*7*.- Lucho: -3.5€ ⬇
*8*.- Borja: -6.5€ ⬇

markdown: 1
file_id: 
chat_action: 

2016-06-08T14:52:12+00:00 (INFO) [botLogger] Respuesta enviada correctamente
2016-06-08T14:53:44+00:00 (DEBUG) [botLogger] Comienza la ejecución
2016-06-08T14:53:44+00:00 (DEBUG) [botLogger] Mensaje:  {"update_id":9598504,
"message":{"message_id":155,"from":{"id":4082840,"first_name":"Antonio","username":"sgtoleos"},"chat":{"id":4082840,"first_name":"Antonio","username":"sgtoleos","type":"private"},"date":1465394405,"text":"\/clasificacion","entities":[{"type":"bot_command","offset":0,"length":3}]}}

2016-06-08T14:53:44+00:00 (DEBUG) [botLogger] Request: chat_id: 4082840
chat_type: private
is_chat_private: 1
from_id: 4082840
message_type: 1
file_id: 
text: /clasificacion
command: clasificacion

2016-06-08T14:53:49+00:00 (DEBUG) [botLogger] Response: chat_id: 4082840
endpoint: https://api.telegram.org/bot13...
type: 1
text: *Clasificación de la última fase en curso:*

*1*.- Zato: 4.40€ *2*.- Matute: 3.61€ *3*.- Nano: 3.00€ *4*.- Age: 1.43€ *5*.- Tapia: 0.85€ *6*.- Rulo: -0.53€ *7*.- Lucho: -3.50€ *8*.- Borja: -6.50€ 
markdown: 1
file_id: 
chat_action: 

2016-06-08T14:53:49+00:00 (INFO) [botLogger] Respuesta enviada correctamente
2016-06-08T14:54:33+00:00 (DEBUG) [botLogger] Comienza la ejecución
2016-06-08T14:54:33+00:00 (DEBUG) [botLogger] Mensaje:  {"update_id":9598504,
"message":{"message_id":155,"from":{"id":4082840,"first_name":"Antonio","username":"sgtoleos"},"chat":{"id":4082840,"first_name":"Antonio","username":"sgtoleos","type":"private"},"date":1465394405,"text":"\/clasificacion","entities":[{"type":"bot_command","offset":0,"length":3}]}}

2016-06-08T14:54:33+00:00 (DEBUG) [botLogger] Request: chat_id: 4082840
chat_type: private
is_chat_private: 1
from_id: 4082840
message_type: 1
file_id: 
text: /clasificacion
command: clasificacion

2016-06-08T14:54:38+00:00 (DEBUG) [botLogger] Response: chat_id: 4082840
endpoint: https://api.telegram.org/bot13...
type: 1
text: *Clasificación de la última fase en curso:*

*1*.- Zato: 4.40€ 
*2*.- Matute: 3.61€ 
*3*.- Nano: 3.00€ 
*4*.- Age: 1.43€ 
*5*.- Tapia: 0.85€ 
*6*.- Rulo: -0.53€ 
*7*.- Lucho: -3.50€ 
*8*.- Borja: -6.50€ 

markdown: 1
file_id: 
chat_action: 

2016-06-08T14:54:38+00:00 (INFO) [botLogger] Respuesta enviada correctamente
2016-06-08T14:57:07+00:00 (DEBUG) [botLogger] Comienza la ejecución
2016-06-08T14:57:07+00:00 (DEBUG) [botLogger] Mensaje:  {"update_id":9598504,
"message":{"message_id":155,"from":{"id":4082840,"first_name":"Antonio","username":"sgtoleos"},"chat":{"id":4082840,"first_name":"Antonio","username":"sgtoleos","type":"private"},"date":1465394405,"text":"\/clasificacion","entities":[{"type":"bot_command","offset":0,"length":3}]}}

2016-06-08T14:57:07+00:00 (DEBUG) [botLogger] Request: chat_id: 4082840
chat_type: private
is_chat_private: 1
from_id: 4082840
message_type: 1
file_id: 
text: /clasificacion
command: clasificacion

2016-06-08T14:57:17+00:00 (DEBUG) [botLogger] Response: chat_id: 4082840
endpoint: https://api.telegram.org/bot13...
type: 1
text: *Clasificación de la última fase en curso:*

*1*.- Nano: 3.00€ 
*2*.- Tapia: -0.50€ 
*3*.- Borja: -3.00€ 

markdown: 1
file_id: 
chat_action: 

2016-06-08T14:57:17+00:00 (INFO) [botLogger] Respuesta enviada correctamente
2016-06-08T15:07:24+00:00 (DEBUG) [botLogger] Comienza la ejecución
2016-06-08T15:07:24+00:00 (DEBUG) [botLogger] Mensaje:  {"update_id":9598504,
"message":{"message_id":155,"from":{"id":4082840,"first_name":"Antonio","username":"sgtoleos"},"chat":{"id":4082840,"first_name":"Antonio","username":"sgtoleos","type":"private"},"date":1465394405,"text":"\/prox_jornada","entities":[{"type":"bot_command","offset":0,"length":3}]}}

2016-06-08T15:07:24+00:00 (DEBUG) [botLogger] Request: chat_id: 4082840
chat_type: private
is_chat_private: 1
from_id: 4082840
message_type: 1
file_id: 
text: /prox_jornada
command: prox_jornada

2016-06-08T15:07:29+00:00 (DEBUG) [botLogger] Response: chat_id: 4082840
endpoint: https://api.telegram.org/bot13...
type: 1
text: *Próxima jornada 12/06/2016:* 

15:00 TUR vs CRO=>, Lucho
18:00 POL vs NIR=>, Matute
21:00 GER vs UKR=>, Nano
markdown: 1
file_id: 
chat_action: 

2016-06-08T15:07:29+00:00 (INFO) [botLogger] Respuesta enviada correctamente
2016-06-08T15:08:44+00:00 (DEBUG) [botLogger] Comienza la ejecución
2016-06-08T15:08:44+00:00 (DEBUG) [botLogger] Mensaje:  {"update_id":9598504,
"message":{"message_id":155,"from":{"id":4082840,"first_name":"Antonio","username":"sgtoleos"},"chat":{"id":4082840,"first_name":"Antonio","username":"sgtoleos","type":"private"},"date":1465394405,"text":"\/prox_jornada","entities":[{"type":"bot_command","offset":0,"length":3}]}}

2016-06-08T15:08:44+00:00 (DEBUG) [botLogger] Request: chat_id: 4082840
chat_type: private
is_chat_private: 1
from_id: 4082840
message_type: 1
file_id: 
text: /prox_jornada
command: prox_jornada

2016-06-08T15:08:49+00:00 (DEBUG) [botLogger] Response: chat_id: 4082840
endpoint: https://api.telegram.org/bot13...
type: 1
text: *Próxima jornada 12/06/2016:* 

15:00 TUR vs CRO=>Lucho
18:00 POL vs NIR=>Matute
21:00 GER vs UKR=>Nano
markdown: 1
file_id: 
chat_action: 

2016-06-08T15:08:49+00:00 (INFO) [botLogger] Respuesta enviada correctamente
2016-06-08T15:18:46+00:00 (DEBUG) [botLogger] Comienza la ejecución
2016-06-08T15:18:46+00:00 (DEBUG) [botLogger] Mensaje:  {"update_id":9598504,
"message":{"message_id":155,"from":{"id":4082840,"first_name":"Antonio","username":"sgtoleos"},"chat":{"id":4082840,"first_name":"Antonio","username":"sgtoleos","type":"private"},"date":1465394405,"text":"\/prox_jornada","entities":[{"type":"bot_command","offset":0,"length":3}]}}

2016-06-08T15:18:46+00:00 (DEBUG) [botLogger] Request: chat_id: 4082840
chat_type: private
is_chat_private: 1
from_id: 4082840
message_type: 1
file_id: 
text: /prox_jornada
command: prox_jornada

2016-06-08T15:18:48+00:00 (DEBUG) [botLogger] Response: chat_id: 4082840
endpoint: https://api.telegram.org/bot13...
type: 1
text: *Próxima jornada 10/06/2016:* 

21:00 FRA vs ROU=>
markdown: 1
file_id: 
chat_action: 

2016-06-08T15:18:48+00:00 (INFO) [botLogger] Respuesta enviada correctamente
2016-06-08T15:19:25+00:00 (DEBUG) [botLogger] Comienza la ejecución
2016-06-08T15:19:25+00:00 (DEBUG) [botLogger] Mensaje:  {"update_id":9598504,
"message":{"message_id":155,"from":{"id":4082840,"first_name":"Antonio","username":"sgtoleos"},"chat":{"id":4082840,"first_name":"Antonio","username":"sgtoleos","type":"private"},"date":1465394405,"text":"\/euros","entities":[{"type":"bot_command","offset":0,"length":3}]}}

2016-06-08T15:19:25+00:00 (DEBUG) [botLogger] Request: chat_id: 4082840
chat_type: private
is_chat_private: 1
from_id: 4082840
message_type: 1
file_id: 
text: /euros
command: euros

2016-06-08T15:19:27+00:00 (DEBUG) [botLogger] Response: chat_id: 4082840
endpoint: https://api.telegram.org/bot13...
type: 1
text: *Acumulado:*
€

markdown: 1
file_id: 
chat_action: 

2016-06-08T15:19:27+00:00 (INFO) [botLogger] Respuesta enviada correctamente
2016-06-08T15:28:21+00:00 (DEBUG) [botLogger] Comienza la ejecución
2016-06-08T15:28:21+00:00 (DEBUG) [botLogger] Mensaje:  {"update_id":9598504,
"message":{"message_id":155,"from":{"id":4082840,"first_name":"Antonio","username":"sgtoleos"},"chat":{"id":4082840,"first_name":"Antonio","username":"sgtoleos","type":"private"},"date":1465394405,"text":"\/apuestas","entities":[{"type":"bot_command","offset":0,"length":3}]}}

2016-06-08T15:28:21+00:00 (DEBUG) [botLogger] Request: chat_id: 4082840
chat_type: private
is_chat_private: 1
from_id: 4082840
message_type: 1
file_id: 
text: /apuestas
command: apuestas

2016-06-08T15:28:23+00:00 (DEBUG) [botLogger] Response: chat_id: 4082840
endpoint: https://api.telegram.org/bot13...
type: 1
text: *Apuestas //: *


🔸FRA vs ROU🔸

markdown: 1
file_id: 
chat_action: 

2016-06-08T15:28:23+00:00 (INFO) [botLogger] Respuesta enviada correctamente
2016-06-08T15:30:24+00:00 (DEBUG) [botLogger] Comienza la ejecución
2016-06-08T15:30:24+00:00 (DEBUG) [botLogger] Mensaje:  {"update_id":9598504,
"message":{"message_id":155,"from":{"id":4082840,"first_name":"Antonio","username":"sgtoleos"},"chat":{"id":4082840,"first_name":"Antonio","username":"sgtoleos","type":"private"},"date":1465394405,"text":"\/apuestas","entities":[{"type":"bot_command","offset":0,"length":3}]}}

2016-06-08T15:30:24+00:00 (DEBUG) [botLogger] Request: chat_id: 4082840
chat_type: private
is_chat_private: 1
from_id: 4082840
message_type: 1
file_id: 
text: /apuestas
command: apuestas

2016-06-08T15:30:27+00:00 (DEBUG) [botLogger] Response: chat_id: 4082840
endpoint: https://api.telegram.org/bot13...
type: 1
text: *Apuestas //: *


🔸FRA vs ROU🔸
😳Age
➖Gol de Griezman:2@2.5
➖Ambos equipos marcan:1@1.95
😳Lucho
➖Penalti fallado de francia:2.5@5
➖Gana Rumania:0.5@7.5

markdown: 1
file_id: 
chat_action: 

2016-06-08T15:30:27+00:00 (INFO) [botLogger] Respuesta enviada correctamente
2016-06-08T15:31:22+00:00 (DEBUG) [botLogger] Comienza la ejecución
2016-06-08T15:31:22+00:00 (DEBUG) [botLogger] Mensaje:  {"update_id":9598504,
"message":{"message_id":155,"from":{"id":4082840,"first_name":"Antonio","username":"sgtoleos"},"chat":{"id":4082840,"first_name":"Antonio","username":"sgtoleos","type":"private"},"date":1465394405,"text":"\/apuestas","entities":[{"type":"bot_command","offset":0,"length":3}]}}

2016-06-08T15:31:22+00:00 (DEBUG) [botLogger] Request: chat_id: 4082840
chat_type: private
is_chat_private: 1
from_id: 4082840
message_type: 1
file_id: 
text: /apuestas
command: apuestas

2016-06-08T15:31:25+00:00 (DEBUG) [botLogger] Response: chat_id: 4082840
endpoint: https://api.telegram.org/bot13...
type: 1
text: *Apuestas //: *


🔸FRA vs ROU🔸
😳Age
➖Gol de Griezman:2@2.5
➖Ambos equipos marcan:1@1.95
😳Lucho
➖Penalti fallado de francia:2.5@5
➖Gana Rumania:0.5@7.5

markdown: 1
file_id: 
chat_action: 

2016-06-08T15:31:25+00:00 (INFO) [botLogger] Respuesta enviada correctamente
2016-06-08T15:40:46+00:00 (DEBUG) [botLogger] Comienza la ejecución
2016-06-08T15:40:46+00:00 (DEBUG) [botLogger] Mensaje:  {"update_id":9598504,
"message":{"message_id":155,"from":{"id":4082840,"first_name":"Antonio","username":"sgtoleos"},"chat":{"id":4082840,"first_name":"Antonio","username":"sgtoleos","type":"private"},"date":1465394405,"text":"\/apuestas","entities":[{"type":"bot_command","offset":0,"length":3}]}}

2016-06-08T15:40:46+00:00 (DEBUG) [botLogger] Request: chat_id: 4082840
chat_type: private
is_chat_private: 1
from_id: 4082840
message_type: 1
file_id: 
text: /apuestas
command: apuestas

2016-06-08T15:40:49+00:00 (DEBUG) [botLogger] Response: chat_id: 4082840
endpoint: https://api.telegram.org/bot13...
type: 1
text: *Apuestas : *


🔸FRA vs ROU🔸
😳Age
➖Gol de Griezman:2@2.5
➖Ambos equipos marcan:1@1.95
😳Lucho
➖Penalti fallado de francia:2.5@5
➖Gana Rumania:0.5@7.5

markdown: 1
file_id: 
chat_action: 

2016-06-08T15:40:49+00:00 (INFO) [botLogger] Respuesta enviada correctamente
2016-06-08T15:42:18+00:00 (DEBUG) [botLogger] Comienza la ejecución
2016-06-08T15:42:18+00:00 (DEBUG) [botLogger] Mensaje:  {"update_id":9598504,
"message":{"message_id":155,"from":{"id":4082840,"first_name":"Antonio","username":"sgtoleos"},"chat":{"id":4082840,"first_name":"Antonio","username":"sgtoleos","type":"private"},"date":1465394405,"text":"\/apuestas","entities":[{"type":"bot_command","offset":0,"length":3}]}}

2016-06-08T15:42:18+00:00 (DEBUG) [botLogger] Request: chat_id: 4082840
chat_type: private
is_chat_private: 1
from_id: 4082840
message_type: 1
file_id: 
text: /apuestas
command: apuestas

2016-06-08T15:42:19+00:00 (DEBUG) [botLogger] Response: chat_id: 4082840
endpoint: https://api.telegram.org/bot13...
type: 1
text: *Apuestas : *


🔸FRA vs ROU🔸
😳Age
➖Gol de Griezman:2@2.5
➖Ambos equipos marcan:1@1.95
😳Lucho
➖Penalti fallado de francia:2.5@5
➖Gana Rumania:0.5@7.5

markdown: 1
file_id: 
chat_action: 

2016-06-08T15:42:19+00:00 (INFO) [botLogger] Respuesta enviada correctamente
2016-06-08T15:42:35+00:00 (DEBUG) [botLogger] Comienza la ejecución
2016-06-08T15:42:35+00:00 (DEBUG) [botLogger] Mensaje:  {"update_id":9598504,
"message":{"message_id":155,"from":{"id":4082840,"first_name":"Antonio","username":"sgtoleos"},"chat":{"id":4082840,"first_name":"Antonio","username":"sgtoleos","type":"private"},"date":1465394405,"text":"\/apuestas","entities":[{"type":"bot_command","offset":0,"length":3}]}}

2016-06-08T15:42:35+00:00 (DEBUG) [botLogger] Request: chat_id: 4082840
chat_type: private
is_chat_private: 1
from_id: 4082840
message_type: 1
file_id: 
text: /apuestas
command: apuestas

2016-06-08T15:42:38+00:00 (DEBUG) [botLogger] Response: chat_id: 4082840
endpoint: https://api.telegram.org/bot13...
type: 1
text: *Apuestas : *


🔸FRA vs ROU🔸
😳Age
➖Gol de Griezman:2@2.5
➖Ambos equipos marcan:1@1.95
😳Lucho
➖Penalti fallado de francia:2.5@5
➖Gana Rumania:0.5@7.5

markdown: 1
file_id: 
chat_action: 

2016-06-08T15:42:38+00:00 (INFO) [botLogger] Respuesta enviada correctamente
2016-06-08T15:43:13+00:00 (DEBUG) [botLogger] Comienza la ejecución
2016-06-08T15:43:13+00:00 (DEBUG) [botLogger] Mensaje:  {"update_id":9598504,
"message":{"message_id":155,"from":{"id":4082840,"first_name":"Antonio","username":"sgtoleos"},"chat":{"id":4082840,"first_name":"Antonio","username":"sgtoleos","type":"private"},"date":1465394405,"text":"\/apuestas","entities":[{"type":"bot_command","offset":0,"length":3}]}}

2016-06-08T15:43:13+00:00 (DEBUG) [botLogger] Request: chat_id: 4082840
chat_type: private
is_chat_private: 1
from_id: 4082840
message_type: 1
file_id: 
text: /apuestas
command: apuestas

2016-06-08T15:43:15+00:00 (DEBUG) [botLogger] Response: chat_id: 4082840
endpoint: https://api.telegram.org/bot13...
type: 1
text: *Apuestas 10/06/2016: *


🔸FRA vs ROU🔸
😳Age
➖Gol de Griezman:2@2.5
➖Ambos equipos marcan:1@1.95
😳Lucho
➖Penalti fallado de francia:2.5@5
➖Gana Rumania:0.5@7.5

markdown: 1
file_id: 
chat_action: 

2016-06-08T15:43:15+00:00 (INFO) [botLogger] Respuesta enviada correctamente
2016-06-08T15:44:51+00:00 (DEBUG) [botLogger] Comienza la ejecución
2016-06-08T15:44:51+00:00 (DEBUG) [botLogger] Mensaje:  {"update_id":9598504,
"message":{"message_id":155,"from":{"id":4082840,"first_name":"Antonio","username":"sgtoleos"},"chat":{"id":4082840,"first_name":"Antonio","username":"sgtoleos","type":"private"},"date":1465394405,"text":"\/apuestas","entities":[{"type":"bot_command","offset":0,"length":3}]}}

2016-06-08T15:44:51+00:00 (DEBUG) [botLogger] Request: chat_id: 4082840
chat_type: private
is_chat_private: 1
from_id: 4082840
message_type: 1
file_id: 
text: /apuestas
command: apuestas

2016-06-08T15:44:53+00:00 (DEBUG) [botLogger] Response: chat_id: 4082840
endpoint: https://api.telegram.org/bot13...
type: 1
text: *Apuestas 10/06/2016: *


🔸FRA vs ROU🔸
😳Age
➖Gol de Griezman:2@2.5
➖Ambos equipos marcan:1@1.95
😳Lucho
➖✅Penalti fallado de francia:2.5@5
➖❌Gana Rumania:0.5@7.5

markdown: 1
file_id: 
chat_action: 

2016-06-08T15:44:53+00:00 (INFO) [botLogger] Respuesta enviada correctamente
2016-06-08T15:47:37+00:00 (DEBUG) [botLogger] Comienza la ejecución
2016-06-08T15:47:37+00:00 (DEBUG) [botLogger] Mensaje:  {"update_id":9598504,
"message":{"message_id":155,"from":{"id":4082840,"first_name":"Antonio","username":"sgtoleos"},"chat":{"id":4082840,"first_name":"Antonio","username":"sgtoleos","type":"private"},"date":1465394405,"text":"\/apuestas","entities":[{"type":"bot_command","offset":0,"length":3}]}}

2016-06-08T15:47:37+00:00 (DEBUG) [botLogger] Request: chat_id: 4082840
chat_type: private
is_chat_private: 1
from_id: 4082840
message_type: 1
file_id: 
text: /apuestas
command: apuestas

2016-06-08T15:47:40+00:00 (DEBUG) [botLogger] Response: chat_id: 4082840
endpoint: https://api.telegram.org/bot13...
type: 1
text: *Apuestas 10/06/2016: *


🔸FRA vs ROU🔸
😳Age
➖✂Gol de Griezman:2@2.5
➖🐖Ambos equipos marcan:1@1.95
😳Lucho
➖✅Penalti fallado de francia:2.5@5
➖❌Gana Rumania:0.5@7.5

markdown: 1
file_id: 
chat_action: 

2016-06-08T15:47:40+00:00 (INFO) [botLogger] Respuesta enviada correctamente
2016-06-08T15:51:28+00:00 (DEBUG) [botLogger] Comienza la ejecución
2016-06-08T15:51:28+00:00 (DEBUG) [botLogger] Mensaje:  {"update_id":9598504,
"message":{"message_id":155,"from":{"id":4082840,"first_name":"Antonio","username":"sgtoleos"},"chat":{"id":4082840,"first_name":"Antonio","username":"sgtoleos","type":"private"},"date":1465394405,"text":"\/apuestas","entities":[{"type":"bot_command","offset":0,"length":3}]}}

2016-06-08T15:51:28+00:00 (DEBUG) [botLogger] Request: chat_id: 4082840
chat_type: private
is_chat_private: 1
from_id: 4082840
message_type: 1
file_id: 
text: /apuestas
command: apuestas

2016-06-08T15:51:31+00:00 (DEBUG) [botLogger] Response: chat_id: 4082840
endpoint: https://api.telegram.org/bot13...
type: 1
text: *Apuestas 10/06/2016: *


🔸FRA vs ROU🔸
😳Age
➖✂Gol de Griezman:2@2.5
➖🐖Ambos equipos marcan:1@1.95
😳Lucho
➖✅Penalti fallado de francia:2.5@5
➖❌Gana Rumania:0.5@7.5

markdown: 1
file_id: 
chat_action: 

2016-06-08T15:51:31+00:00 (INFO) [botLogger] Respuesta enviada correctamente
2016-06-08T15:51:33+00:00 (DEBUG) [botLogger] Comienza la ejecución
2016-06-08T15:51:33+00:00 (DEBUG) [botLogger] Mensaje:  {"update_id":9598504,
"message":{"message_id":155,"from":{"id":4082840,"first_name":"Antonio","username":"sgtoleos"},"chat":{"id":4082840,"first_name":"Antonio","username":"sgtoleos","type":"private"},"date":1465394405,"text":"\/euros","entities":[{"type":"bot_command","offset":0,"length":3}]}}

2016-06-08T15:51:33+00:00 (DEBUG) [botLogger] Request: chat_id: 4082840
chat_type: private
is_chat_private: 1
from_id: 4082840
message_type: 1
file_id: 
text: /euros
command: euros

2016-06-08T15:51:37+00:00 (DEBUG) [botLogger] Response: chat_id: 4082840
endpoint: https://api.telegram.org/bot13...
type: 1
text: *Euros:*
Apostado: €
Ganado: €

markdown: 1
file_id: 
chat_action: 

2016-06-08T15:51:37+00:00 (INFO) [botLogger] Respuesta enviada correctamente
2016-06-08T15:52:19+00:00 (DEBUG) [botLogger] Comienza la ejecución
2016-06-08T15:52:19+00:00 (DEBUG) [botLogger] Mensaje:  {"update_id":9598504,
"message":{"message_id":155,"from":{"id":4082840,"first_name":"Antonio","username":"sgtoleos"},"chat":{"id":4082840,"first_name":"Antonio","username":"sgtoleos","type":"private"},"date":1465394405,"text":"\/euros","entities":[{"type":"bot_command","offset":0,"length":3}]}}

2016-06-08T15:52:19+00:00 (DEBUG) [botLogger] Request: chat_id: 4082840
chat_type: private
is_chat_private: 1
from_id: 4082840
message_type: 1
file_id: 
text: /euros
command: euros

2016-06-08T15:52:21+00:00 (DEBUG) [botLogger] Response: chat_id: 4082840
endpoint: https://api.telegram.org/bot13...
type: 1
text: *Euros:*
Apostado: €
Ganado: €

markdown: 1
file_id: 
chat_action: 

2016-06-08T15:52:21+00:00 (INFO) [botLogger] Respuesta enviada correctamente
2016-06-08T15:53:04+00:00 (DEBUG) [botLogger] Comienza la ejecución
2016-06-08T15:53:04+00:00 (DEBUG) [botLogger] Mensaje:  {"update_id":9598504,
"message":{"message_id":155,"from":{"id":4082840,"first_name":"Antonio","username":"sgtoleos"},"chat":{"id":4082840,"first_name":"Antonio","username":"sgtoleos","type":"private"},"date":1465394405,"text":"\/euros","entities":[{"type":"bot_command","offset":0,"length":3}]}}

2016-06-08T15:53:04+00:00 (DEBUG) [botLogger] Request: chat_id: 4082840
chat_type: private
is_chat_private: 1
from_id: 4082840
message_type: 1
file_id: 
text: /euros
command: euros

2016-06-08T15:53:06+00:00 (DEBUG) [botLogger] Response: chat_id: 4082840
endpoint: https://api.telegram.org/bot13...
type: 1
text: Hay partidos secretos
markdown: 1
file_id: 
chat_action: 

2016-06-08T15:53:06+00:00 (INFO) [botLogger] Respuesta enviada correctamente
2016-06-08T15:53:36+00:00 (DEBUG) [botLogger] Comienza la ejecución
2016-06-08T15:53:36+00:00 (DEBUG) [botLogger] Mensaje:  {"update_id":9598504,
"message":{"message_id":155,"from":{"id":4082840,"first_name":"Antonio","username":"sgtoleos"},"chat":{"id":4082840,"first_name":"Antonio","username":"sgtoleos","type":"private"},"date":1465394405,"text":"\/euros","entities":[{"type":"bot_command","offset":0,"length":3}]}}

2016-06-08T15:53:36+00:00 (DEBUG) [botLogger] Request: chat_id: 4082840
chat_type: private
is_chat_private: 1
from_id: 4082840
message_type: 1
file_id: 
text: /euros
command: euros

2016-06-08T15:54:12+00:00 (DEBUG) [botLogger] Comienza la ejecución
2016-06-08T15:54:12+00:00 (DEBUG) [botLogger] Mensaje:  {"update_id":9598504,
"message":{"message_id":155,"from":{"id":4082840,"first_name":"Antonio","username":"sgtoleos"},"chat":{"id":4082840,"first_name":"Antonio","username":"sgtoleos","type":"private"},"date":1465394405,"text":"\/euros","entities":[{"type":"bot_command","offset":0,"length":3}]}}

2016-06-08T15:54:12+00:00 (DEBUG) [botLogger] Request: chat_id: 4082840
chat_type: private
is_chat_private: 1
from_id: 4082840
message_type: 1
file_id: 
text: /euros
command: euros

2016-06-08T15:55:13+00:00 (DEBUG) [botLogger] Comienza la ejecución
2016-06-08T15:55:13+00:00 (DEBUG) [botLogger] Mensaje:  {"update_id":9598504,
"message":{"message_id":155,"from":{"id":4082840,"first_name":"Antonio","username":"sgtoleos"},"chat":{"id":4082840,"first_name":"Antonio","username":"sgtoleos","type":"private"},"date":1465394405,"text":"\/euros","entities":[{"type":"bot_command","offset":0,"length":3}]}}

2016-06-08T15:55:13+00:00 (DEBUG) [botLogger] Request: chat_id: 4082840
chat_type: private
is_chat_private: 1
from_id: 4082840
message_type: 1
file_id: 
text: /euros
command: euros

2016-06-08T15:55:14+00:00 (DEBUG) [botLogger] Response: chat_id: 4082840
endpoint: https://api.telegram.org/bot13...
type: 1
text: *Euros:*
Apostado: 45€
Ganado: 15€

markdown: 1
file_id: 
chat_action: 

2016-06-08T15:55:14+00:00 (INFO) [botLogger] Respuesta enviada correctamente
2016-06-08T16:29:22+00:00 (DEBUG) [botLogger] Comienza la ejecución
2016-06-08T16:29:22+00:00 (DEBUG) [botLogger] Mensaje:  {"update_id":9598504,
"message":{"message_id":155,"from":{"id":4082840,"first_name":"Antonio","username":"sgtoleos"},"chat":{"id":4082840,"first_name":"Antonio","username":"sgtoleos","type":"private"},"date":1465394405,"text":"\/apostad_ya","entities":[{"type":"bot_command","offset":0,"length":3}]}}

2016-06-08T16:29:22+00:00 (DEBUG) [botLogger] Request: chat_id: 4082840
chat_type: private
is_chat_private: 1
from_id: 4082840
message_type: 1
file_id: 
text: /apostad_ya
command: apostad_ya

2016-06-08T16:29:22+00:00 (DEBUG) [botLogger] Comienza OffTopic
2016-06-08T16:29:22+00:00 (DEBUG) [botLogger] Comando por defecto
2016-06-08T16:29:22+00:00 (DEBUG) [botLogger] Response: chat_id: 4082840
endpoint: https://api.telegram.org/bot13...
type: 1
text: Función no implementada. Estúpido Antonio. Mascachapas
markdown: 1
file_id: 
chat_action: 

2016-06-08T16:29:22+00:00 (INFO) [botLogger] Respuesta enviada correctamente
2016-06-08T16:29:34+00:00 (DEBUG) [botLogger] Comienza la ejecución
2016-06-08T16:29:34+00:00 (DEBUG) [botLogger] Mensaje:  {"update_id":9598504,
"message":{"message_id":155,"from":{"id":4082840,"first_name":"Antonio","username":"sgtoleos"},"chat":{"id":4082840,"first_name":"Antonio","username":"sgtoleos","type":"private"},"date":1465394405,"text":"\/apostadYa","entities":[{"type":"bot_command","offset":0,"length":3}]}}

2016-06-08T16:29:34+00:00 (DEBUG) [botLogger] Request: chat_id: 4082840
chat_type: private
is_chat_private: 1
from_id: 4082840
message_type: 1
file_id: 
text: /apostadYa
command: apostadya

2016-06-08T16:29:36+00:00 (DEBUG) [botLogger] Response: chat_id: 4082840
endpoint: https://api.telegram.org/bot13...
type: 1
text: *Faltan por apostar:*

21:00 FRA vs ROU
Apostad ya borbones
markdown: 1
file_id: 
chat_action: 

2016-06-08T16:29:36+00:00 (INFO) [botLogger] Respuesta enviada correctamente
2016-06-08T16:31:11+00:00 (DEBUG) [botLogger] Comienza la ejecución
2016-06-08T16:31:11+00:00 (DEBUG) [botLogger] Mensaje:  {"update_id":9598504,
"message":{"message_id":155,"from":{"id":4082840,"first_name":"Antonio","username":"sgtoleos"},"chat":{"id":4082840,"first_name":"Antonio","username":"sgtoleos","type":"private"},"date":1465394405,"text":"\/apostadYa","entities":[{"type":"bot_command","offset":0,"length":3}]}}

2016-06-08T16:31:11+00:00 (DEBUG) [botLogger] Request: chat_id: 4082840
chat_type: private
is_chat_private: 1
from_id: 4082840
message_type: 1
file_id: 
text: /apostadYa
command: apostadya

2016-06-08T16:31:14+00:00 (DEBUG) [botLogger] Response: chat_id: 4082840
endpoint: https://api.telegram.org/bot13...
type: 1
text: *Faltan por apostar:*

21:00 FRA vs ROU
👉Age ➡
👉Lucho ➡
Apostad ya mierdasecas
markdown: 1
file_id: 
chat_action: 

2016-06-08T16:31:14+00:00 (INFO) [botLogger] Respuesta enviada correctamente
2016-06-08T16:33:09+00:00 (DEBUG) [botLogger] Comienza la ejecución
2016-06-08T16:33:09+00:00 (DEBUG) [botLogger] Mensaje:  {"update_id":9598504,
"message":{"message_id":155,"from":{"id":4082840,"first_name":"Antonio","username":"sgtoleos"},"chat":{"id":4082840,"first_name":"Antonio","username":"sgtoleos","type":"private"},"date":1465394405,"text":"\/apostadYa","entities":[{"type":"bot_command","offset":0,"length":3}]}}

2016-06-08T16:33:09+00:00 (DEBUG) [botLogger] Request: chat_id: 4082840
chat_type: private
is_chat_private: 1
from_id: 4082840
message_type: 1
file_id: 
text: /apostadYa
command: apostadya

2016-06-08T16:33:12+00:00 (DEBUG) [botLogger] Response: chat_id: 4082840
endpoint: https://api.telegram.org/bot13...
type: 1
text: *Faltan por apostar:*

10/06/2016 FRA vs ROU 21:00
👉Age ➡
👉Lucho ➡
Apostad ya hijos de perra
markdown: 1
file_id: 
chat_action: 

2016-06-08T16:33:12+00:00 (INFO) [botLogger] Respuesta enviada correctamente
2016-06-08T16:33:32+00:00 (DEBUG) [botLogger] Comienza la ejecución
2016-06-08T16:33:32+00:00 (DEBUG) [botLogger] Mensaje:  {"update_id":9598504,
"message":{"message_id":155,"from":{"id":4082840,"first_name":"Antonio","username":"sgtoleos"},"chat":{"id":4082840,"first_name":"Antonio","username":"sgtoleos","type":"private"},"date":1465394405,"text":"\/apostadYa","entities":[{"type":"bot_command","offset":0,"length":3}]}}

2016-06-08T16:33:32+00:00 (DEBUG) [botLogger] Request: chat_id: 4082840
chat_type: private
is_chat_private: 1
from_id: 4082840
message_type: 1
file_id: 
text: /apostadYa
command: apostadya

2016-06-08T16:33:35+00:00 (DEBUG) [botLogger] Response: chat_id: 4082840
endpoint: https://api.telegram.org/bot13...
type: 1
text: *Faltan por apostar:*

10/06/2016 *FRA vs ROU* 21:00
👉Age ➡
👉Lucho ➡
Apostad ya idiotas
markdown: 1
file_id: 
chat_action: 

2016-06-08T16:33:35+00:00 (INFO) [botLogger] Respuesta enviada correctamente
2016-06-08T16:34:03+00:00 (DEBUG) [botLogger] Comienza la ejecución
2016-06-08T16:34:03+00:00 (DEBUG) [botLogger] Mensaje:  {"update_id":9598504,
"message":{"message_id":155,"from":{"id":4082840,"first_name":"Antonio","username":"sgtoleos"},"chat":{"id":4082840,"first_name":"Antonio","username":"sgtoleos","type":"private"},"date":1465394405,"text":"\/apostadYa","entities":[{"type":"bot_command","offset":0,"length":3}]}}

2016-06-08T16:34:03+00:00 (DEBUG) [botLogger] Request: chat_id: 4082840
chat_type: private
is_chat_private: 1
from_id: 4082840
message_type: 1
file_id: 
text: /apostadYa
command: apostadya

2016-06-08T16:34:06+00:00 (DEBUG) [botLogger] Response: chat_id: 4082840
endpoint: https://api.telegram.org/bot13...
type: 1
text: *Faltan por apostar:*

10/06/2016 *FRA vs ROU* 21:00
👉Age
👉Lucho
Apostad ya memos
markdown: 1
file_id: 
chat_action: 

2016-06-08T16:34:06+00:00 (INFO) [botLogger] Respuesta enviada correctamente
2016-06-08T16:35:16+00:00 (DEBUG) [botLogger] Comienza la ejecución
2016-06-08T16:35:16+00:00 (DEBUG) [botLogger] Mensaje:  {"update_id":9598504,
"message":{"message_id":155,"from":{"id":4082840,"first_name":"Antonio","username":"sgtoleos"},"chat":{"id":4082840,"first_name":"Antonio","username":"sgtoleos","type":"private"},"date":1465394405,"text":"\/apostadYa","entities":[{"type":"bot_command","offset":0,"length":3}]}}

2016-06-08T16:35:16+00:00 (DEBUG) [botLogger] Request: chat_id: 4082840
chat_type: private
is_chat_private: 1
from_id: 4082840
message_type: 1
file_id: 
text: /apostadYa
command: apostadya

2016-06-08T16:35:18+00:00 (DEBUG) [botLogger] Response: chat_id: 4082840
endpoint: https://api.telegram.org/bot13...
type: 1
text: *Faltan por apostar:*

10/06/2016 *FRA vs ROU* 21:00
👉Age
👉Lucho
Apostad ya cabrones
markdown: 1
file_id: 
chat_action: 

2016-06-08T16:35:18+00:00 (INFO) [botLogger] Respuesta enviada correctamente
2016-06-08T16:36:21+00:00 (DEBUG) [botLogger] Comienza la ejecución
2016-06-08T16:36:21+00:00 (DEBUG) [botLogger] Mensaje:  {"update_id":9598504,
"message":{"message_id":155,"from":{"id":4082840,"first_name":"Antonio","username":"sgtoleos"},"chat":{"id":4082840,"first_name":"Antonio","username":"sgtoleos","type":"private"},"date":1465394405,"text":"\/apostadYa","entities":[{"type":"bot_command","offset":0,"length":3}]}}

2016-06-08T16:36:21+00:00 (DEBUG) [botLogger] Request: chat_id: 4082840
chat_type: private
is_chat_private: 1
from_id: 4082840
message_type: 1
file_id: 
text: /apostadYa
command: apostadya

2016-06-08T16:36:23+00:00 (DEBUG) [botLogger] Response: chat_id: 4082840
endpoint: https://api.telegram.org/bot13...
type: 1
text: *Faltan por apostar:*

10/06/2016 *FRA vs ROU* 21:00
👉Age
👉Lucho
Apostad ya cabrones
markdown: 1
file_id: 
chat_action: 

2016-06-08T16:36:23+00:00 (INFO) [botLogger] Respuesta enviada correctamente
2016-06-08T16:37:49+00:00 (DEBUG) [botLogger] Comienza la ejecución
2016-06-08T16:37:49+00:00 (DEBUG) [botLogger] Mensaje:  {"update_id":9598504,
"message":{"message_id":155,"from":{"id":4082840,"first_name":"Antonio","username":"sgtoleos"},"chat":{"id":4082840,"first_name":"Antonio","username":"sgtoleos","type":"private"},"date":1465394405,"text":"\/apostadYa","entities":[{"type":"bot_command","offset":0,"length":3}]}}

2016-06-08T16:37:49+00:00 (DEBUG) [botLogger] Request: chat_id: 4082840
chat_type: private
is_chat_private: 1
from_id: 4082840
message_type: 1
file_id: 
text: /apostadYa
command: apostadya

2016-06-08T16:37:51+00:00 (DEBUG) [botLogger] Response: chat_id: 4082840
endpoint: https://api.telegram.org/bot13...
type: 1
text: *Faltan por apostar:*

10/06/2016 *FRA vs ROU* 21:00
👉Age
👉Lucho
Apostad ya borbones
markdown: 1
file_id: 
chat_action: 

2016-06-08T16:37:51+00:00 (INFO) [botLogger] Respuesta enviada correctamente
